<?xml version="1.0" encoding="UTF-8"?>
<!-- Generated by org.testng.reporters.JUnitReportReporter -->
<testsuite hostname="anish-Latitude-3510" failures="0" tests="1" name="SauceDemoPackage.NewTest" time="0.008" errors="0" timestamp="2023-01-04T17:57:48 IST" skipped="0">
  <testcase classname="SauceDemoPackage.NewTest" name="f" time="0.008"/>
  <system-out/>
</testsuite> <!-- SauceDemoPackage.NewTest -->
